UGGCAGUGUGGUUAGCUGGUUG
UAUUGCACACUUCCCGGCCUUU
AUAAAGCUAGACAACCAUUGA
UCUUUGGUUAUCUAGCUGUAUGA
UUGAGCAAAAUUUCAGGUGUG
UAUCACAGCCAUUUUGACGAGU
UCCCUGAGACCCUAACUUGUGA
UAAGGCACGCGGUGAAUGCCAAG
UCAGUCUUUUUCUCUCUCCUA
UUGUGCGUGUGACAGCGGCUA
UAAAUGCAUUAUUUGGUACGACA
GUUAAUGGCACUGGAAGAAUUCAC
UGAGUAUUACAUCAGGUACUGGU
UAUCACAGCCAGCUUUGAUGAGC
UAUCACAGCCAGCUUUGAUGGGC
ACGUAUACUGAAUGUAUCCUGA
CGGUAUACCUUCAGUAUACGUAAC
UAUUGCACAUUCACCGGCCUGA
UAUCACAGCCAGCUUUGAGGAGC
UGACUAGACCGAACACUCGUGCU
AUUGUACUUCAUCAGUGCUCUG
UGAGAUCAUUUUGAAAGCUGAUU
UCACUGGGCAAAGUGUGUCUCA
UGAACACAGCUGGUGGUAUCCAGU
UAUUCGAGCCAAUAAGUUCGG
CAUCACAGUCUGAGUUCUUGC
AGGUGCAUUGUAGUCGCAUUG
UGGAAUGUAAAGAAGUAUGGAG
UGAUUGUCCAAACGCAAUUCUUG
UGUCUUUUUCCGCUUACUGGCG
UUUUGAUUGUUGCUCAGAAAGC
CUUGGCACUGGGAGAAUUCAC
AACCCGUAAAUCCGAACUUGUG
UAAAUAUUUAAGUGGAGCCUGCGACU
UAUUGCACUUUUCACAGCCUUA
UGGUUCGUCACAAGGGCAAUUCU
UAUUGCACUUGAGACGGCCGAA
UGAGGUAGUAGGUUGUAUAGU
AAUCACAGGAUUAUACUGUGAG
UGGCAAGAUGUCGGAAUAGCUG
AAUUGCACUAGUCCCGGCCUGC
UCAGGUACCUGAAGUAGCGCGCG
UAUCACAGCCAUUUUGAUGAGU
UAAUCUCAAUUUGUAAAUGUGAG
AAUCUAGCCUCUACUAGGCUUUGUCUGU
UCACAACCUCCUUGAGUGAG
UAUCACAGUGGCUGUUCUUUUU
UGGCAAGAUGUCGGCAUAGCUGA
ACCCUGUAGAUCCGAAUUUGU
UAGCACCAUUCGAAAUCAGUGC
UAAUACUGUCAGGUAAAGAUGUC
AAAGGAACGAUCGUUGUGAUAUG
UCGGUGGGACUUUCGUCCGUUU
UAGGAACUUCAUACCGUGCUCU
UAAAUAUCAGCUGGUAAUUCU
GCACUGGGUAAAGUUUGUCCUA
UAGGAACUUAAUACCGUGCUCU
UGACUAGAUCCACACUCAUUAA
UUUCAUGUCGAUUUCAUUUCAUG
CAUUGCACUUGUCCCGGCCUAU
UGUGUUGAAAAUCGUUUGCAC
UUGGUCCCCUUCAACCAGCUGU
UGGAAGACUAGUGAUUUUGUUGU
UGAAGUCAGCAACUUGAUUCCAGCAAUUG
CCUUAUCAUUCUCUCGCCCCG
UGGACGGAGAACUGAUAAGGGC
AAGAGAGCUGUCCGUCGACAGU
UGUCAUGGAAUUGCUCUCUUUGU
AGGGAACUUCUGCUGCUGAUAUA
UCACUGGGCUUUGUUUAUCUCA
UGAGAUAUUCACGUUGUCUAA
UGUCCAGUGCCGUAUAUUGCAG
GUGGGUAGAACUUUGAUUAAUA
UUAGUCAAAGAUUUUCCCCAUAG
GUGGGUAUCUGGAUGUGGUUGG
UCUCACAUUUACAUAUUCACAG
UUCCCAACUACAUCUAUUAAUAU
UUAAAGUUGAAGUUUGGAAAAU
UCUCGAAUAGCGUUGUGACUGA
AGCGGCGAGGCUAUUCAAGUAA
UAAAGUAAAUAGUCUGGAUUGAUGA
CAUCAACAGGCAUUUACUUCAA
GUGUGAUUUGUAGCAAAGUGAUA
CCCCUUGUUGCAAACCUCACGC
AGAGAUACCUCCGGAGAAGCG
CUUUUCCGCCUAGGUGUCUCUCU
UUAAGUAGUGGAUACAAAAGGCGA
CGCAUUGUAUGGCCUACUUAACU
UAAGUAGUAUCCAUUAAAGGGUUG
ACCGUUUGAUGUACUACUUUAG
GUGAGUUUGAAAUUGAAAUGCGUAAA
UAAAUUCGAUUUCUUAUUCAUAG
AGUAGAAUAGCAGGCUUAUCACA
UGAGAUUCUUCUAUUCUACUUU
CAUCGUGCAGAGGUUUGAGUGUC
CAUUCAAUUUCUGCACGGUAGA
AGAUAUGUUUGAUAUUCUUGGUUG
CCCAGGAAUCAAACAUAUUAUUA
UGGGAUUUUUUAGAUCAGCAGU
UACUGGCCUACUAAGUCCCAAC
GCCCGAAUUAUGUGGGAGCUGCG
UAGCACCACAUGAUUCGGCUU
ACAUAGUCGUACGGUGAAUGUUG
UGUUAACUGUAAGACUGUGUCU
AUAUUGUCCUGUCACAGCAGUA
CUGCUGGGUCGGGGCAUUAACA
AAAUUGACUCUAGUAGGGAGUC
CUCCCUAACGGAGUCAGAUUG
CUACCCUGUAGUUCCGGGCUUUUG
GAAGCUCGUCUCUACAGGUAUCU
GUAAGUGGUGUAGAUGAAACA
UUUCACCUAUCGUUCCAUUUGCAG
CUAAGUACUAGUGCCGCAGGAG
UCCUGCUGCCCAAGUGCUUAUUA
GUGAGUUGAUCGAUUUCGAGUU
UCUGGAAUCUUUAAUUCGCAG
UUUGAUCAUCAGUAAGUGAGAU
UUCGUUUUCUGGCAAUCAAAGG
GGGGUGAAACUGUACGUUAUAUG
UAAGCGUAUAGCUUUUCCCCUU
ACAAGGUAAAUAUCAGGUUGUUUC
AACAUCUGUAUAUACCUUUGAU
UUAGAAUAGGGGAGCUUAACUU
UUAAAAGCCACUGUUCUAAGAC
UCAAUUCCGUAGUGCAUUGCAGU
UGCAAGCGCUGCGGAUUUGGCA
GAGUUCCACUAAGCAAGUUUU
AACUUGACACGUUGAGCUCGU
AGUUUUUCAUUUGGCGUGGCUAGC
UAGCUGCCUUGUGAAGGGCUU
UUUAGAAUUCCUACGCUUUACC
CAAAGCGUUUGGAUUCUGAAAC
CGGGUUUCGUUAGCAGCGGGCU
UUCGUUGUCGACGAAACCUGC
AGCUAGCGGGUGUUUUAUUUGGUA
UCAUAAGACACACGCGGCUAU
ACUUGGGCCAAGGGAAUGCAAACU
UUUGUUCGUUUGGCUUAAGUUA
GCCUGGUUUCAGAGAGGUGUA
CCCUUUUUUGGAACCAAGCCCU
ACGUGUAUGCUCGUAGCUAUAAC
UAUUGCUUGAGAAUACACGUAG
AGAGUAUUCCAGGUUGCAUAGCUU
AUAAGGUAGAGAAAUUGAUGUUGUC
UGUGAUGUGACGUAGUGGAACA
UGAAACCGUCCAAAACUGAGGC
AUAAAAGUAUGCCGAACUCGCAG
UUAUUGGUUCAAAUCGCUCGCAG
UAAACACUGCCUACAUCCUGUAU
UUGGAUUAGUUAUCAUCAAUGC
UAAGCCAGUGGCGUAGAUUGCA
UUACGUAUACUGAAGGUAUACC
AGGAUACAUUCAGUAUACGUUUA
UGGGUAAACUCCCAAGGAUCAGG
CGAUCCUUGGGUUUCUGCUCUCG
UUGUCAUCGGGGGUAUUAUGAA
AGGACCGAUCCGAUCCCCAGGA
UAUUGUAUGUUGUAUUUGCAGU
GUAAGACAUUAACAUUGUUGAA
GUAAGUGACCCAGUUGAGCG
UUAUUGUUAUUUGUCCUUGAAC
AACUACACGAUAUUCGUUCUUG
UUAACAAGUAUCAUGUAAAUUGAA
UUGGCAUUAAAGGAAGCUAGUU
CGUGUCUGUGUGUAUGUUGCAG
CGAAGACACUAGAAUAACUAGUU
UUCACAGUGUUCCUAAUAGAUAGU
UAUCUUUAGCAACACUUUUGA
GUAAGUGCACCAGAUUGGGAAU
UCCCAGUAAUGUCCACUUACAAG
UGGAGAGUGUUCUUAAUAGUCU
AAACUUUGGGAAUACUUUCGAG
AGUAAUACCUUUCGAACACAUGA
AUGAGUUCGUCAGGUAUUAUCUA
AAAGUUGAGUCGAUAAUGCGAU
UCGUGCAAUGGACUCAAUUUCGA
GUGAGUAAAUCUACCUCUUUGA
AAAGAGGUCUAUUUUUGCACACAG
